# JRE version: Java(TM) SE Runtime Environment (8.0_191-b12) (build 1.8.0_191-b12)
# Java VM: Java HotSpot(TM) 64-Bit Server VM (25.191-b12 mixed mode linux-amd64 compressed oops)
Heap:
 PSYoungGen      total 414720K, used 47584K [0x0000000793900000, 0x00000007afc80000, 0x00000007c0000000)
  eden space 367104K, 0% used [0x0000000793900000,0x0000000793900000,0x00000007a9f80000)
  from space 47616K, 99% used [0x00000007a9f80000,0x00000007acdf8010,0x00000007ace00000)
  to   space 36864K, 0% used [0x00000007ad280000,0x00000007ad280000,0x00000007af680000)
 ParOldGen       total 126464K, used 119753K [0x000000073aa00000, 0x0000000742580000, 0x0000000793900000)
  object space 126464K, 94% used [0x000000073aa00000,0x0000000741ef24e0,0x0000000742580000)
 Metaspace       used 27836K, capacity 28086K, committed 28544K, reserved 1075200K
  class space    used 3361K, capacity 3449K, committed 3456K, reserved 1048576K
GC Heap History (10 events):
Event: 5.446 GC heap after
Heap after GC invocations=8 (full 1):
 PSYoungGen      total 145920K, used 8681K [0x0000000793900000, 0x00000007a4c00000, 0x00000007c0000000)
  eden space 137216K, 0% used [0x0000000793900000,0x0000000793900000,0x000000079bf00000)
  from space 8704K, 99% used [0x000000079bf00000,0x000000079c77a4c8,0x000000079c780000)
  to   space 12288K, 0% used [0x00000007a4000000,0x00000007a4000000,0x00000007a4c00000)
 ParOldGen       total 47104K, used 10803K [0x000000073aa00000, 0x000000073d800000, 0x0000000793900000)
  object space 47104K, 22% used [0x000000073aa00000,0x000000073b48cd58,0x000000073d800000)
 Metaspace       used 27832K, capacity 28022K, committed 28288K, reserved 1075200K
  class space    used 3361K, capacity 3449K, committed 3456K, reserved 1048576K
}
Event: 5.776 GC heap before
{Heap before GC invocations=9 (full 1):
 PSYoungGen      total 145920K, used 145897K [0x0000000793900000, 0x00000007a4c00000, 0x00000007c0000000)
  eden space 137216K, 100% used [0x0000000793900000,0x000000079bf00000,0x000000079bf00000)
  from space 8704K, 99% used [0x000000079bf00000,0x000000079c77a4c8,0x000000079c780000)
  to   space 12288K, 0% used [0x00000007a4000000,0x00000007a4000000,0x00000007a4c00000)
 ParOldGen       total 47104K, used 10803K [0x000000073aa00000, 0x000000073d800000, 0x0000000793900000)
  object space 47104K, 22% used [0x000000073aa00000,0x000000073b48cd58,0x000000073d800000)
 Metaspace       used 27832K, capacity 28022K, committed 28288K, reserved 1075200K
  class space    used 3361K, capacity 3449K, committed 3456K, reserved 1048576K
Event: 5.795 GC heap after
Heap after GC invocations=9 (full 1):
 PSYoungGen      total 260608K, used 12281K [0x0000000793900000, 0x00000007a5b80000, 0x00000007c0000000)
  eden space 248320K, 0% used [0x0000000793900000,0x0000000793900000,0x00000007a2b80000)
  from space 12288K, 99% used [0x00000007a4000000,0x00000007a4bfe580,0x00000007a4c00000)
  to   space 20992K, 0% used [0x00000007a2b80000,0x00000007a2b80000,0x00000007a4000000)
 ParOldGen       total 47104K, used 27355K [0x000000073aa00000, 0x000000073d800000, 0x0000000793900000)
  object space 47104K, 58% used [0x000000073aa00000,0x000000073c4b6d58,0x000000073d800000)
 Metaspace       used 27832K, capacity 28022K, committed 28288K, reserved 1075200K
  class space    used 3361K, capacity 3449K, committed 3456K, reserved 1048576K
}
Event: 6.412 GC heap before
{Heap before GC invocations=10 (full 1):
 PSYoungGen      total 260608K, used 260601K [0x0000000793900000, 0x00000007a5b80000, 0x00000007c0000000)
  eden space 248320K, 100% used [0x0000000793900000,0x00000007a2b80000,0x00000007a2b80000)
  from space 12288K, 99% used [0x00000007a4000000,0x00000007a4bfe580,0x00000007a4c00000)
  to   space 20992K, 0% used [0x00000007a2b80000,0x00000007a2b80000,0x00000007a4000000)
 ParOldGen       total 47104K, used 27355K [0x000000073aa00000, 0x000000073d800000, 0x0000000793900000)
  object space 47104K, 58% used [0x000000073aa00000,0x000000073c4b6d58,0x000000073d800000)
 Metaspace       used 27832K, capacity 28022K, committed 28288K, reserved 1075200K
  class space    used 3361K, capacity 3449K, committed 3456K, reserved 1048576K
Event: 6.581 GC heap after
Heap after GC invocations=10 (full 1):
 PSYoungGen      total 269312K, used 20965K [0x0000000793900000, 0x00000007af680000, 0x00000007c0000000)
  eden space 248320K, 0% used [0x0000000793900000,0x0000000793900000,0x00000007a2b80000)
  from space 20992K, 99% used [0x00000007a2b80000,0x00000007a3ff9570,0x00000007a4000000)
  to   space 36864K, 0% used [0x00000007ad280000,0x00000007ad280000,0x00000007af680000)
 ParOldGen       total 59392K, used 57723K [0x000000073aa00000, 0x000000073e400000, 0x0000000793900000)
  object space 59392K, 97% used [0x000000073aa00000,0x000000073e25ed58,0x000000073e400000)
 Metaspace       used 27832K, capacity 28022K, committed 28288K, reserved 1075200K
  class space    used 3361K, capacity 3449K, committed 3456K, reserved 1048576K
}
Event: 6.581 GC heap before
{Heap before GC invocations=11 (full 2):
 PSYoungGen      total 269312K, used 20965K [0x0000000793900000, 0x00000007af680000, 0x00000007c0000000)
  eden space 248320K, 0% used [0x0000000793900000,0x0000000793900000,0x00000007a2b80000)
  from space 20992K, 99% used [0x00000007a2b80000,0x00000007a3ff9570,0x00000007a4000000)
  to   space 36864K, 0% used [0x00000007ad280000,0x00000007ad280000,0x00000007af680000)
 ParOldGen       total 59392K, used 57723K [0x000000073aa00000, 0x000000073e400000, 0x0000000793900000)
  object space 59392K, 97% used [0x000000073aa00000,0x000000073e25ed58,0x000000073e400000)
 Metaspace       used 27832K, capacity 28022K, committed 28288K, reserved 1075200K
  class space    used 3361K, capacity 3449K, committed 3456K, reserved 1048576K
Event: 6.703 GC heap after
Heap after GC invocations=11 (full 2):
 PSYoungGen      total 269312K, used 11619K [0x0000000793900000, 0x00000007af680000, 0x00000007c0000000)
  eden space 248320K, 0% used [0x0000000793900000,0x0000000793900000,0x00000007a2b80000)
  from space 20992K, 55% used [0x00000007a2b80000,0x00000007a36d8eb0,0x00000007a4000000)
  to   space 36864K, 0% used [0x00000007ad280000,0x00000007ad280000,0x00000007af680000)
 ParOldGen       total 126464K, used 59273K [0x000000073aa00000, 0x0000000742580000, 0x0000000793900000)
  object space 126464K, 46% used [0x000000073aa00000,0x000000073e3e24e0,0x0000000742580000)
 Metaspace       used 27832K, capacity 28022K, committed 28288K, reserved 1075200K
  class space    used 3361K, capacity 3449K, committed 3456K, reserved 1048576K
}
Event: 7.088 GC heap before
{Heap before GC invocations=12 (full 2):
 PSYoungGen      total 269312K, used 259939K [0x0000000793900000, 0x00000007af680000, 0x00000007c0000000)
  eden space 248320K, 100% used [0x0000000793900000,0x00000007a2b80000,0x00000007a2b80000)
  from space 20992K, 55% used [0x00000007a2b80000,0x00000007a36d8eb0,0x00000007a4000000)
  to   space 36864K, 0% used [0x00000007ad280000,0x00000007ad280000,0x00000007af680000)
 ParOldGen       total 126464K, used 59273K [0x000000073aa00000, 0x0000000742580000, 0x0000000793900000)
  object space 126464K, 46% used [0x000000073aa00000,0x000000073e3e24e0,0x0000000742580000)
 Metaspace       used 27832K, capacity 28022K, committed 28288K, reserved 1075200K
  class space    used 3361K, capacity 3449K, committed 3456K, reserved 1048576K
Event: 7.154 GC heap after
Heap after GC invocations=12 (full 2):
 PSYoungGen      total 403968K, used 36864K [0x0000000793900000, 0x00000007afc80000, 0x00000007c0000000)
  eden space 367104K, 0% used [0x0000000793900000,0x0000000793900000,0x00000007a9f80000)
  from space 36864K, 100% used [0x00000007ad280000,0x00000007af680000,0x00000007af680000)
  to   space 47616K, 0% used [0x00000007a9f80000,0x00000007a9f80000,0x00000007ace00000)
 ParOldGen       total 126464K, used 72217K [0x000000073aa00000, 0x0000000742580000, 0x0000000793900000)
  object space 126464K, 57% used [0x000000073aa00000,0x000000073f0864e0,0x0000000742580000)
 Metaspace       used 27832K, capacity 28022K, committed 28288K, reserved 1075200K
  class space    used 3361K, capacity 3449K, committed 3456K, reserved 1048576K
}
Event: 7.869 GC heap before
{Heap before GC invocations=13 (full 2):
 PSYoungGen      total 403968K, used 403968K [0x0000000793900000, 0x00000007afc80000, 0x00000007c0000000)
  eden space 367104K, 100% used [0x0000000793900000,0x00000007a9f80000,0x00000007a9f80000)
  from space 36864K, 100% used [0x00000007ad280000,0x00000007af680000,0x00000007af680000)
  to   space 47616K, 0% used [0x00000007a9f80000,0x00000007a9f80000,0x00000007ace00000)
 ParOldGen       total 126464K, used 72217K [0x000000073aa00000, 0x0000000742580000, 0x0000000793900000)
  object space 126464K, 57% used [0x000000073aa00000,0x000000073f0864e0,0x0000000742580000)
 Metaspace       used 27836K, capacity 28086K, committed 28544K, reserved 1075200K
  class space    used 3361K, capacity 3449K, committed 3456K, reserved 1048576K

