# JRE version: Java(TM) SE Runtime Environment (8.0_191-b12) (build 1.8.0_191-b12)
# Java VM: Java HotSpot(TM) 64-Bit Server VM (25.191-b12 mixed mode linux-amd64 compressed oops)
Heap:
 PSYoungGen      total 564224K, used 0K [0x0000000793900000, 0x00000007bf080000, 0x00000007c0000000)
  eden space 437760K, 0% used [0x0000000793900000,0x0000000793900000,0x00000007ae480000)
  from space 126464K, 0% used [0x00000007b7500000,0x00000007b7500000,0x00000007bf080000)
  to   space 137216K, 0% used [0x00000007ae480000,0x00000007ae480000,0x00000007b6a80000)
 ParOldGen       total 687616K, used 650406K [0x000000073aa00000, 0x0000000764980000, 0x0000000793900000)
  object space 687616K, 94% used [0x000000073aa00000,0x0000000762529940,0x0000000764980000)
 Metaspace       used 28272K, capacity 28478K, committed 28928K, reserved 1075200K
  class space    used 3425K, capacity 3513K, committed 3584K, reserved 1048576K
GC Heap History (10 events):
Event: 11.057 GC heap after
Heap after GC invocations=17 (full 4):
 PSYoungGen      total 618496K, used 109568K [0x0000000793900000, 0x00000007c0000000, 0x00000007c0000000)
  eden space 508928K, 0% used [0x0000000793900000,0x0000000793900000,0x00000007b2a00000)
  from space 109568K, 100% used [0x00000007b2a00000,0x00000007b9500000,0x00000007b9500000)
  to   space 109568K, 0% used [0x00000007b9500000,0x00000007b9500000,0x00000007c0000000)
 ParOldGen       total 418304K, used 340054K [0x000000073aa00000, 0x0000000754280000, 0x0000000793900000)
  object space 418304K, 81% used [0x000000073aa00000,0x000000074f6159d0,0x0000000754280000)
 Metaspace       used 28272K, capacity 28478K, committed 28928K, reserved 1075200K
  class space    used 3425K, capacity 3513K, committed 3584K, reserved 1048576K
}
Event: 11.716 GC heap before
{Heap before GC invocations=18 (full 4):
 PSYoungGen      total 618496K, used 618496K [0x0000000793900000, 0x00000007c0000000, 0x00000007c0000000)
  eden space 508928K, 100% used [0x0000000793900000,0x00000007b2a00000,0x00000007b2a00000)
  from space 109568K, 100% used [0x00000007b2a00000,0x00000007b9500000,0x00000007b9500000)
  to   space 109568K, 0% used [0x00000007b9500000,0x00000007b9500000,0x00000007c0000000)
 ParOldGen       total 418304K, used 340054K [0x000000073aa00000, 0x0000000754280000, 0x0000000793900000)
  object space 418304K, 81% used [0x000000073aa00000,0x000000074f6159d0,0x0000000754280000)
 Metaspace       used 28272K, capacity 28478K, committed 28928K, reserved 1075200K
  class space    used 3425K, capacity 3513K, committed 3584K, reserved 1048576K
Event: 11.805 GC heap after
Heap after GC invocations=18 (full 4):
 PSYoungGen      total 541696K, used 80256K [0x0000000793900000, 0x00000007c0000000, 0x00000007c0000000)
  eden space 432128K, 0% used [0x0000000793900000,0x0000000793900000,0x00000007adf00000)
  from space 109568K, 73% used [0x00000007b9500000,0x00000007be360010,0x00000007c0000000)
  to   space 147968K, 0% used [0x00000007adf00000,0x00000007adf00000,0x00000007b6f80000)
 ParOldGen       total 455680K, used 454182K [0x000000073aa00000, 0x0000000756700000, 0x0000000793900000)
  object space 455680K, 99% used [0x000000073aa00000,0x00000007565899d0,0x0000000756700000)
 Metaspace       used 28272K, capacity 28478K, committed 28928K, reserved 1075200K
  class space    used 3425K, capacity 3513K, committed 3584K, reserved 1048576K
}
Event: 11.805 GC heap before
{Heap before GC invocations=19 (full 5):
 PSYoungGen      total 541696K, used 80256K [0x0000000793900000, 0x00000007c0000000, 0x00000007c0000000)
  eden space 432128K, 0% used [0x0000000793900000,0x0000000793900000,0x00000007adf00000)
  from space 109568K, 73% used [0x00000007b9500000,0x00000007be360010,0x00000007c0000000)
  to   space 147968K, 0% used [0x00000007adf00000,0x00000007adf00000,0x00000007b6f80000)
 ParOldGen       total 455680K, used 454182K [0x000000073aa00000, 0x0000000756700000, 0x0000000793900000)
  object space 455680K, 99% used [0x000000073aa00000,0x00000007565899d0,0x0000000756700000)
 Metaspace       used 28272K, capacity 28478K, committed 28928K, reserved 1075200K
  class space    used 3425K, capacity 3513K, committed 3584K, reserved 1048576K
Event: 12.150 GC heap after
Heap after GC invocations=19 (full 5):
 PSYoungGen      total 541696K, used 66221K [0x0000000793900000, 0x00000007c0000000, 0x00000007c0000000)
  eden space 432128K, 0% used [0x0000000793900000,0x0000000793900000,0x00000007adf00000)
  from space 109568K, 60% used [0x00000007b9500000,0x00000007bd5ab730,0x00000007c0000000)
  to   space 147968K, 0% used [0x00000007adf00000,0x00000007adf00000,0x00000007b6f80000)
 ParOldGen       total 687616K, used 455177K [0x000000073aa00000, 0x0000000764980000, 0x0000000793900000)
  object space 687616K, 66% used [0x000000073aa00000,0x0000000756682668,0x0000000764980000)
 Metaspace       used 28272K, capacity 28478K, committed 28928K, reserved 1075200K
  class space    used 3425K, capacity 3513K, committed 3584K, reserved 1048576K
}
Event: 12.784 GC heap before
{Heap before GC invocations=20 (full 5):
 PSYoungGen      total 541696K, used 498349K [0x0000000793900000, 0x00000007c0000000, 0x00000007c0000000)
  eden space 432128K, 100% used [0x0000000793900000,0x00000007adf00000,0x00000007adf00000)
  from space 109568K, 60% used [0x00000007b9500000,0x00000007bd5ab730,0x00000007c0000000)
  to   space 147968K, 0% used [0x00000007adf00000,0x00000007adf00000,0x00000007b6f80000)
 ParOldGen       total 687616K, used 455177K [0x000000073aa00000, 0x0000000764980000, 0x0000000793900000)
  object space 687616K, 66% used [0x000000073aa00000,0x0000000756682668,0x0000000764980000)
 Metaspace       used 28272K, capacity 28478K, committed 28928K, reserved 1075200K
  class space    used 3425K, capacity 3513K, committed 3584K, reserved 1048576K
Event: 12.864 GC heap after
Heap after GC invocations=20 (full 5):
 PSYoungGen      total 580096K, used 65184K [0x0000000793900000, 0x00000007c0000000, 0x00000007c0000000)
  eden space 432128K, 0% used [0x0000000793900000,0x0000000793900000,0x00000007adf00000)
  from space 147968K, 44% used [0x00000007adf00000,0x00000007b1ea8000,0x00000007b6f80000)
  to   space 142336K, 0% used [0x00000007b7500000,0x00000007b7500000,0x00000007c0000000)
 ParOldGen       total 687616K, used 524849K [0x000000073aa00000, 0x0000000764980000, 0x0000000793900000)
  object space 687616K, 76% used [0x000000073aa00000,0x000000075aa8c668,0x0000000764980000)
 Metaspace       used 28272K, capacity 28478K, committed 28928K, reserved 1075200K
  class space    used 3425K, capacity 3513K, committed 3584K, reserved 1048576K
}
Event: 13.494 GC heap before
{Heap before GC invocations=21 (full 5):
 PSYoungGen      total 580096K, used 497312K [0x0000000793900000, 0x00000007c0000000, 0x00000007c0000000)
  eden space 432128K, 100% used [0x0000000793900000,0x00000007adf00000,0x00000007adf00000)
  from space 147968K, 44% used [0x00000007adf00000,0x00000007b1ea8000,0x00000007b6f80000)
  to   space 142336K, 0% used [0x00000007b7500000,0x00000007b7500000,0x00000007c0000000)
 ParOldGen       total 687616K, used 524849K [0x000000073aa00000, 0x0000000764980000, 0x0000000793900000)
  object space 687616K, 76% used [0x000000073aa00000,0x000000075aa8c668,0x0000000764980000)
 Metaspace       used 28272K, capacity 28478K, committed 28928K, reserved 1075200K
  class space    used 3425K, capacity 3513K, committed 3584K, reserved 1048576K
Event: 13.542 GC heap after
Heap after GC invocations=21 (full 5):
 PSYoungGen      total 564224K, used 65184K [0x0000000793900000, 0x00000007bf080000, 0x00000007c0000000)
  eden space 437760K, 0% used [0x0000000793900000,0x0000000793900000,0x00000007ae480000)
  from space 126464K, 51% used [0x00000007b7500000,0x00000007bb4a8000,0x00000007bf080000)
  to   space 137216K, 0% used [0x00000007ae480000,0x00000007ae480000,0x00000007b6a80000)
 ParOldGen       total 687616K, used 592705K [0x000000073aa00000, 0x0000000764980000, 0x0000000793900000)
  object space 687616K, 86% used [0x000000073aa00000,0x000000075ecd0668,0x0000000764980000)
 Metaspace       used 28272K, capacity 28478K, committed 28928K, reserved 1075200K
  class space    used 3425K, capacity 3513K, committed 3584K, reserved 1048576K
}
Event: 13.542 GC heap before
{Heap before GC invocations=22 (full 6):
 PSYoungGen      total 564224K, used 65184K [0x0000000793900000, 0x00000007bf080000, 0x00000007c0000000)
  eden space 437760K, 0% used [0x0000000793900000,0x0000000793900000,0x00000007ae480000)
  from space 126464K, 51% used [0x00000007b7500000,0x00000007bb4a8000,0x00000007bf080000)
  to   space 137216K, 0% used [0x00000007ae480000,0x00000007ae480000,0x00000007b6a80000)
 ParOldGen       total 687616K, used 592705K [0x000000073aa00000, 0x0000000764980000, 0x0000000793900000)
  object space 687616K, 86% used [0x000000073aa00000,0x000000075ecd0668,0x0000000764980000)
 Metaspace       used 28272K, capacity 28478K, committed 28928K, reserved 1075200K
  class space    used 3425K, capacity 3513K, committed 3584K, reserved 1048576K

