# JRE version: Java(TM) SE Runtime Environment (8.0_191-b12) (build 1.8.0_191-b12)
# Java VM: Java HotSpot(TM) 64-Bit Server VM (25.191-b12 mixed mode linux-amd64 compressed oops)
Heap:
 PSYoungGen      total 596480K, used 51827K [0x0000000793900000, 0x00000007c0000000, 0x00000007c0000000)
  eden space 472064K, 0% used [0x0000000793900000,0x0000000793900000,0x00000007b0600000)
  from space 124416K, 41% used [0x00000007b8680000,0x00000007bb91ccd8,0x00000007c0000000)
  to   space 128000K, 0% used [0x00000007b0600000,0x00000007b0600000,0x00000007b8300000)
 ParOldGen       total 446464K, used 445990K [0x000000073aa00000, 0x0000000755e00000, 0x0000000793900000)
  object space 446464K, 99% used [0x000000073aa00000,0x0000000755d89830,0x0000000755e00000)
 Metaspace       used 34052K, capacity 34414K, committed 34816K, reserved 1079296K
  class space    used 4095K, capacity 4233K, committed 4352K, reserved 1048576K
GC Heap History (10 events):
Event: 9.441 GC heap after
Heap after GC invocations=18 (full 3):
 PSYoungGen      total 462848K, used 58336K [0x0000000793900000, 0x00000007bd280000, 0x00000007c0000000)
  eden space 404480K, 0% used [0x0000000793900000,0x0000000793900000,0x00000007ac400000)
  from space 58368K, 99% used [0x00000007ac400000,0x00000007afcf8010,0x00000007afd00000)
  to   space 86016K, 0% used [0x00000007b7e80000,0x00000007b7e80000,0x00000007bd280000)
 ParOldGen       total 271360K, used 235101K [0x000000073aa00000, 0x000000074b300000, 0x0000000793900000)
  object space 271360K, 86% used [0x000000073aa00000,0x0000000748f97440,0x000000074b300000)
 Metaspace       used 34039K, capacity 34414K, committed 34816K, reserved 1079296K
  class space    used 4095K, capacity 4233K, committed 4352K, reserved 1048576K
}
Event: 9.441 GC heap before
{Heap before GC invocations=19 (full 4):
 PSYoungGen      total 462848K, used 58336K [0x0000000793900000, 0x00000007bd280000, 0x00000007c0000000)
  eden space 404480K, 0% used [0x0000000793900000,0x0000000793900000,0x00000007ac400000)
  from space 58368K, 99% used [0x00000007ac400000,0x00000007afcf8010,0x00000007afd00000)
  to   space 86016K, 0% used [0x00000007b7e80000,0x00000007b7e80000,0x00000007bd280000)
 ParOldGen       total 271360K, used 235101K [0x000000073aa00000, 0x000000074b300000, 0x0000000793900000)
  object space 271360K, 86% used [0x000000073aa00000,0x0000000748f97440,0x000000074b300000)
 Metaspace       used 34039K, capacity 34414K, committed 34816K, reserved 1079296K
  class space    used 4095K, capacity 4233K, committed 4352K, reserved 1048576K
Event: 9.635 GC heap after
Heap after GC invocations=19 (full 4):
 PSYoungGen      total 462848K, used 16167K [0x0000000793900000, 0x00000007bd280000, 0x00000007c0000000)
  eden space 404480K, 0% used [0x0000000793900000,0x0000000793900000,0x00000007ac400000)
  from space 58368K, 27% used [0x00000007ac400000,0x00000007ad3c9c40,0x00000007afd00000)
  to   space 86016K, 0% used [0x00000007b7e80000,0x00000007b7e80000,0x00000007bd280000)
 ParOldGen       total 446464K, used 271094K [0x000000073aa00000, 0x0000000755e00000, 0x0000000793900000)
  object space 446464K, 60% used [0x000000073aa00000,0x000000074b2bdbf8,0x0000000755e00000)
 Metaspace       used 34039K, capacity 34414K, committed 34816K, reserved 1079296K
  class space    used 4095K, capacity 4233K, committed 4352K, reserved 1048576K
}
Event: 10.194 GC heap before
{Heap before GC invocations=20 (full 4):
 PSYoungGen      total 462848K, used 420647K [0x0000000793900000, 0x00000007bd280000, 0x00000007c0000000)
  eden space 404480K, 100% used [0x0000000793900000,0x00000007ac400000,0x00000007ac400000)
  from space 58368K, 27% used [0x00000007ac400000,0x00000007ad3c9c40,0x00000007afd00000)
  to   space 86016K, 0% used [0x00000007b7e80000,0x00000007b7e80000,0x00000007bd280000)
 ParOldGen       total 446464K, used 271094K [0x000000073aa00000, 0x0000000755e00000, 0x0000000793900000)
  object space 446464K, 60% used [0x000000073aa00000,0x000000074b2bdbf8,0x0000000755e00000)
 Metaspace       used 34040K, capacity 34414K, committed 34816K, reserved 1079296K
  class space    used 4095K, capacity 4233K, committed 4352K, reserved 1048576K
Event: 10.246 GC heap after
Heap after GC invocations=20 (full 4):
 PSYoungGen      total 589824K, used 60992K [0x0000000793900000, 0x00000007bdf80000, 0x00000007c0000000)
  eden space 503808K, 0% used [0x0000000793900000,0x0000000793900000,0x00000007b2500000)
  from space 86016K, 70% used [0x00000007b7e80000,0x00000007bba10000,0x00000007bd280000)
  to   space 91648K, 0% used [0x00000007b2500000,0x00000007b2500000,0x00000007b7e80000)
 ParOldGen       total 446464K, used 288118K [0x000000073aa00000, 0x0000000755e00000, 0x0000000793900000)
  object space 446464K, 64% used [0x000000073aa00000,0x000000074c35dbf8,0x0000000755e00000)
 Metaspace       used 34040K, capacity 34414K, committed 34816K, reserved 1079296K
  class space    used 4095K, capacity 4233K, committed 4352K, reserved 1048576K
}
Event: 10.960 GC heap before
{Heap before GC invocations=21 (full 4):
 PSYoungGen      total 589824K, used 564800K [0x0000000793900000, 0x00000007bdf80000, 0x00000007c0000000)
  eden space 503808K, 100% used [0x0000000793900000,0x00000007b2500000,0x00000007b2500000)
  from space 86016K, 70% used [0x00000007b7e80000,0x00000007bba10000,0x00000007bd280000)
  to   space 91648K, 0% used [0x00000007b2500000,0x00000007b2500000,0x00000007b7e80000)
 ParOldGen       total 446464K, used 288118K [0x000000073aa00000, 0x0000000755e00000, 0x0000000793900000)
  object space 446464K, 64% used [0x000000073aa00000,0x000000074c35dbf8,0x0000000755e00000)
 Metaspace       used 34040K, capacity 34414K, committed 34816K, reserved 1079296K
  class space    used 4095K, capacity 4233K, committed 4352K, reserved 1048576K
Event: 11.080 GC heap after
Heap after GC invocations=21 (full 4):
 PSYoungGen      total 595456K, used 91648K [0x0000000793900000, 0x00000007c0000000, 0x00000007c0000000)
  eden space 503808K, 0% used [0x0000000793900000,0x0000000793900000,0x00000007b2500000)
  from space 91648K, 100% used [0x00000007b2500000,0x00000007b7e80000,0x00000007b7e80000)
  to   space 124416K, 0% used [0x00000007b8680000,0x00000007b8680000,0x00000007c0000000)
 ParOldGen       total 446464K, used 335150K [0x000000073aa00000, 0x0000000755e00000, 0x0000000793900000)
  object space 446464K, 75% used [0x000000073aa00000,0x000000074f14bbf8,0x0000000755e00000)
 Metaspace       used 34040K, capacity 34414K, committed 34816K, reserved 1079296K
  class space    used 4095K, capacity 4233K, committed 4352K, reserved 1048576K
}
Event: 11.947 GC heap before
{Heap before GC invocations=22 (full 4):
 PSYoungGen      total 595456K, used 595456K [0x0000000793900000, 0x00000007c0000000, 0x00000007c0000000)
  eden space 503808K, 100% used [0x0000000793900000,0x00000007b2500000,0x00000007b2500000)
  from space 91648K, 100% used [0x00000007b2500000,0x00000007b7e80000,0x00000007b7e80000)
  to   space 124416K, 0% used [0x00000007b8680000,0x00000007b8680000,0x00000007c0000000)
 ParOldGen       total 446464K, used 335150K [0x000000073aa00000, 0x0000000755e00000, 0x0000000793900000)
  object space 446464K, 75% used [0x000000073aa00000,0x000000074f14bbf8,0x0000000755e00000)
 Metaspace       used 34052K, capacity 34414K, committed 34816K, reserved 1079296K
  class space    used 4095K, capacity 4233K, committed 4352K, reserved 1048576K
Event: 12.043 GC heap after
Heap after GC invocations=22 (full 4):
 PSYoungGen      total 596480K, used 75968K [0x0000000793900000, 0x00000007c0000000, 0x00000007c0000000)
  eden space 472064K, 0% used [0x0000000793900000,0x0000000793900000,0x00000007b0600000)
  from space 124416K, 61% used [0x00000007b8680000,0x00000007bd0b0000,0x00000007c0000000)
  to   space 128000K, 0% used [0x00000007b0600000,0x00000007b0600000,0x00000007b8300000)
 ParOldGen       total 446464K, used 430622K [0x000000073aa00000, 0x0000000755e00000, 0x0000000793900000)
  object space 446464K, 96% used [0x000000073aa00000,0x0000000754e87bf8,0x0000000755e00000)
 Metaspace       used 34052K, capacity 34414K, committed 34816K, reserved 1079296K
  class space    used 4095K, capacity 4233K, committed 4352K, reserved 1048576K
}
Event: 12.043 GC heap before
{Heap before GC invocations=23 (full 5):
 PSYoungGen      total 596480K, used 75968K [0x0000000793900000, 0x00000007c0000000, 0x00000007c0000000)
  eden space 472064K, 0% used [0x0000000793900000,0x0000000793900000,0x00000007b0600000)
  from space 124416K, 61% used [0x00000007b8680000,0x00000007bd0b0000,0x00000007c0000000)
  to   space 128000K, 0% used [0x00000007b0600000,0x00000007b0600000,0x00000007b8300000)
 ParOldGen       total 446464K, used 430622K [0x000000073aa00000, 0x0000000755e00000, 0x0000000793900000)
  object space 446464K, 96% used [0x000000073aa00000,0x0000000754e87bf8,0x0000000755e00000)
 Metaspace       used 34052K, capacity 34414K, committed 34816K, reserved 1079296K
  class space    used 4095K, capacity 4233K, committed 4352K, reserved 1048576K

