# JRE version: Java(TM) SE Runtime Environment (8.0_191-b12) (build 1.8.0_191-b12)
# Java VM: Java HotSpot(TM) 64-Bit Server VM (25.191-b12 mixed mode linux-amd64 compressed oops)
Heap:
 PSYoungGen      total 572416K, used 21402K [0x0000000793900000, 0x00000007c0000000, 0x00000007c0000000)
  eden space 457728K, 0% used [0x0000000793900000,0x0000000793900000,0x00000007af800000)
  from space 114688K, 18% used [0x00000007b9000000,0x00000007ba4e6b10,0x00000007c0000000)
  to   space 135168K, 0% used [0x00000007af800000,0x00000007af800000,0x00000007b7c00000)
 ParOldGen       total 620544K, used 620375K [0x000000073aa00000, 0x0000000760800000, 0x0000000793900000)
  object space 620544K, 99% used [0x000000073aa00000,0x00000007607d5f88,0x0000000760800000)
 Metaspace       used 28261K, capacity 28478K, committed 28928K, reserved 1075200K
  class space    used 3424K, capacity 3513K, committed 3584K, reserved 1048576K
GC Heap History (10 events):
Event: 8.360 GC heap after
Heap after GC invocations=23 (full 4):
 PSYoungGen      total 523264K, used 65536K [0x0000000793900000, 0x00000007bf280000, 0x00000007c0000000)
  eden space 434176K, 0% used [0x0000000793900000,0x0000000793900000,0x00000007ae100000)
  from space 89088K, 73% used [0x00000007ae100000,0x00000007b2100000,0x00000007b3800000)
  to   space 95232K, 0% used [0x00000007b9580000,0x00000007b9580000,0x00000007bf280000)
 ParOldGen       total 418304K, used 362798K [0x000000073aa00000, 0x0000000754280000, 0x0000000793900000)
  object space 418304K, 86% used [0x000000073aa00000,0x0000000750c4bac0,0x0000000754280000)
 Metaspace       used 28261K, capacity 28478K, committed 28928K, reserved 1075200K
  class space    used 3424K, capacity 3513K, committed 3584K, reserved 1048576K
}
Event: 8.360 GC heap before
{Heap before GC invocations=24 (full 5):
 PSYoungGen      total 523264K, used 65536K [0x0000000793900000, 0x00000007bf280000, 0x00000007c0000000)
  eden space 434176K, 0% used [0x0000000793900000,0x0000000793900000,0x00000007ae100000)
  from space 89088K, 73% used [0x00000007ae100000,0x00000007b2100000,0x00000007b3800000)
  to   space 95232K, 0% used [0x00000007b9580000,0x00000007b9580000,0x00000007bf280000)
 ParOldGen       total 418304K, used 362798K [0x000000073aa00000, 0x0000000754280000, 0x0000000793900000)
  object space 418304K, 86% used [0x000000073aa00000,0x0000000750c4bac0,0x0000000754280000)
 Metaspace       used 28261K, capacity 28478K, committed 28928K, reserved 1075200K
  class space    used 3424K, capacity 3513K, committed 3584K, reserved 1048576K
Event: 8.522 GC heap after
Heap after GC invocations=24 (full 5):
 PSYoungGen      total 523264K, used 3998K [0x0000000793900000, 0x00000007bf280000, 0x00000007c0000000)
  eden space 434176K, 0% used [0x0000000793900000,0x0000000793900000,0x00000007ae100000)
  from space 89088K, 4% used [0x00000007ae100000,0x00000007ae4e7b90,0x00000007b3800000)
  to   space 95232K, 0% used [0x00000007b9580000,0x00000007b9580000,0x00000007bf280000)
 ParOldGen       total 620544K, used 418229K [0x000000073aa00000, 0x0000000760800000, 0x0000000793900000)
  object space 620544K, 67% used [0x000000073aa00000,0x000000075426d7a8,0x0000000760800000)
 Metaspace       used 28261K, capacity 28478K, committed 28928K, reserved 1075200K
  class space    used 3424K, capacity 3513K, committed 3584K, reserved 1048576K
}
Event: 9.037 GC heap before
{Heap before GC invocations=25 (full 5):
 PSYoungGen      total 523264K, used 438174K [0x0000000793900000, 0x00000007bf280000, 0x00000007c0000000)
  eden space 434176K, 100% used [0x0000000793900000,0x00000007ae100000,0x00000007ae100000)
  from space 89088K, 4% used [0x00000007ae100000,0x00000007ae4e7b90,0x00000007b3800000)
  to   space 95232K, 0% used [0x00000007b9580000,0x00000007b9580000,0x00000007bf280000)
 ParOldGen       total 620544K, used 418229K [0x000000073aa00000, 0x0000000760800000, 0x0000000793900000)
  object space 620544K, 67% used [0x000000073aa00000,0x000000075426d7a8,0x0000000760800000)
 Metaspace       used 28261K, capacity 28478K, committed 28928K, reserved 1075200K
  class space    used 3424K, capacity 3513K, committed 3584K, reserved 1048576K
Event: 9.088 GC heap after
Heap after GC invocations=25 (full 5):
 PSYoungGen      total 607744K, used 65536K [0x0000000793900000, 0x00000007bf180000, 0x00000007c0000000)
  eden space 513536K, 0% used [0x0000000793900000,0x0000000793900000,0x00000007b2e80000)
  from space 94208K, 69% used [0x00000007b9580000,0x00000007bd580000,0x00000007bf180000)
  to   space 99840K, 0% used [0x00000007b2e80000,0x00000007b2e80000,0x00000007b9000000)
 ParOldGen       total 620544K, used 422445K [0x000000073aa00000, 0x0000000760800000, 0x0000000793900000)
  object space 620544K, 68% used [0x000000073aa00000,0x000000075468b7a8,0x0000000760800000)
 Metaspace       used 28261K, capacity 28478K, committed 28928K, reserved 1075200K
  class space    used 3424K, capacity 3513K, committed 3584K, reserved 1048576K
}
Event: 9.807 GC heap before
{Heap before GC invocations=26 (full 5):
 PSYoungGen      total 607744K, used 579072K [0x0000000793900000, 0x00000007bf180000, 0x00000007c0000000)
  eden space 513536K, 100% used [0x0000000793900000,0x00000007b2e80000,0x00000007b2e80000)
  from space 94208K, 69% used [0x00000007b9580000,0x00000007bd580000,0x00000007bf180000)
  to   space 99840K, 0% used [0x00000007b2e80000,0x00000007b2e80000,0x00000007b9000000)
 ParOldGen       total 620544K, used 422445K [0x000000073aa00000, 0x0000000760800000, 0x0000000793900000)
  object space 620544K, 68% used [0x000000073aa00000,0x000000075468b7a8,0x0000000760800000)
 Metaspace       used 28261K, capacity 28478K, committed 28928K, reserved 1075200K
  class space    used 3424K, capacity 3513K, committed 3584K, reserved 1048576K
Event: 9.879 GC heap after
Heap after GC invocations=26 (full 5):
 PSYoungGen      total 613376K, used 99808K [0x0000000793900000, 0x00000007c0000000, 0x00000007c0000000)
  eden space 513536K, 0% used [0x0000000793900000,0x0000000793900000,0x00000007b2e80000)
  from space 99840K, 99% used [0x00000007b2e80000,0x00000007b8ff8010,0x00000007b9000000)
  to   space 114688K, 0% used [0x00000007b9000000,0x00000007b9000000,0x00000007c0000000)
 ParOldGen       total 620544K, used 470941K [0x000000073aa00000, 0x0000000760800000, 0x0000000793900000)
  object space 620544K, 75% used [0x000000073aa00000,0x00000007575e77a8,0x0000000760800000)
 Metaspace       used 28261K, capacity 28478K, committed 28928K, reserved 1075200K
  class space    used 3424K, capacity 3513K, committed 3584K, reserved 1048576K
}
Event: 10.498 GC heap before
{Heap before GC invocations=27 (full 5):
 PSYoungGen      total 613376K, used 613344K [0x0000000793900000, 0x00000007c0000000, 0x00000007c0000000)
  eden space 513536K, 100% used [0x0000000793900000,0x00000007b2e80000,0x00000007b2e80000)
  from space 99840K, 99% used [0x00000007b2e80000,0x00000007b8ff8010,0x00000007b9000000)
  to   space 114688K, 0% used [0x00000007b9000000,0x00000007b9000000,0x00000007c0000000)
 ParOldGen       total 620544K, used 470941K [0x000000073aa00000, 0x0000000760800000, 0x0000000793900000)
  object space 620544K, 75% used [0x000000073aa00000,0x00000007575e77a8,0x0000000760800000)
 Metaspace       used 28261K, capacity 28478K, committed 28928K, reserved 1075200K
  class space    used 3424K, capacity 3513K, committed 3584K, reserved 1048576K
Event: 10.557 GC heap after
Heap after GC invocations=27 (full 5):
 PSYoungGen      total 572416K, used 77472K [0x0000000793900000, 0x00000007c0000000, 0x00000007c0000000)
  eden space 457728K, 0% used [0x0000000793900000,0x0000000793900000,0x00000007af800000)
  from space 114688K, 67% used [0x00000007b9000000,0x00000007bdba8000,0x00000007c0000000)
  to   space 135168K, 0% used [0x00000007af800000,0x00000007af800000,0x00000007b7c00000)
 ParOldGen       total 620544K, used 574709K [0x000000073aa00000, 0x0000000760800000, 0x0000000793900000)
  object space 620544K, 92% used [0x000000073aa00000,0x000000075db3d7b8,0x0000000760800000)
 Metaspace       used 28261K, capacity 28478K, committed 28928K, reserved 1075200K
  class space    used 3424K, capacity 3513K, committed 3584K, reserved 1048576K
}
Event: 10.557 GC heap before
{Heap before GC invocations=28 (full 6):
 PSYoungGen      total 572416K, used 77472K [0x0000000793900000, 0x00000007c0000000, 0x00000007c0000000)
  eden space 457728K, 0% used [0x0000000793900000,0x0000000793900000,0x00000007af800000)
  from space 114688K, 67% used [0x00000007b9000000,0x00000007bdba8000,0x00000007c0000000)
  to   space 135168K, 0% used [0x00000007af800000,0x00000007af800000,0x00000007b7c00000)
 ParOldGen       total 620544K, used 574709K [0x000000073aa00000, 0x0000000760800000, 0x0000000793900000)
  object space 620544K, 92% used [0x000000073aa00000,0x000000075db3d7b8,0x0000000760800000)
 Metaspace       used 28261K, capacity 28478K, committed 28928K, reserved 1075200K
  class space    used 3424K, capacity 3513K, committed 3584K, reserved 1048576K

