# JRE version: Java(TM) SE Runtime Environment (8.0_191-b12) (build 1.8.0_191-b12)
# Java VM: Java HotSpot(TM) 64-Bit Server VM (25.191-b12 mixed mode linux-amd64 compressed oops)
Heap:
 PSYoungGen      total 311808K, used 37440K [0x0000000793900000, 0x00000007ac280000, 0x00000007c0000000)
  eden space 247296K, 0% used [0x0000000793900000,0x0000000793900000,0x00000007a2a80000)
  from space 64512K, 58% used [0x00000007a2a80000,0x00000007a4f10000,0x00000007a6980000)
  to   space 48128K, 0% used [0x00000007a6980000,0x00000007a6980000,0x00000007a9880000)
 ParOldGen       total 154112K, used 140761K [0x000000073aa00000, 0x0000000744080000, 0x0000000793900000)
  object space 154112K, 91% used [0x000000073aa00000,0x0000000743376628,0x0000000744080000)
 Metaspace       used 27869K, capacity 28078K, committed 28544K, reserved 1075200K
  class space    used 3362K, capacity 3449K, committed 3456K, reserved 1048576K
GC Heap History (10 events):
Event: 4.756 GC heap after
Heap after GC invocations=10 (full 1):
 PSYoungGen      total 161792K, used 22009K [0x0000000793900000, 0x00000007a3680000, 0x00000007c0000000)
  eden space 139776K, 0% used [0x0000000793900000,0x0000000793900000,0x000000079c180000)
  from space 22016K, 99% used [0x000000079c180000,0x000000079d6fe580,0x000000079d700000)
  to   space 30720K, 0% used [0x00000007a1880000,0x00000007a1880000,0x00000007a3680000)
 ParOldGen       total 65536K, used 43749K [0x000000073aa00000, 0x000000073ea00000, 0x0000000793900000)
  object space 65536K, 66% used [0x000000073aa00000,0x000000073d4b9508,0x000000073ea00000)
 Metaspace       used 27866K, capacity 28078K, committed 28544K, reserved 1075200K
  class space    used 3362K, capacity 3449K, committed 3456K, reserved 1048576K
}
Event: 4.984 GC heap before
{Heap before GC invocations=11 (full 1):
 PSYoungGen      total 161792K, used 161785K [0x0000000793900000, 0x00000007a3680000, 0x00000007c0000000)
  eden space 139776K, 100% used [0x0000000793900000,0x000000079c180000,0x000000079c180000)
  from space 22016K, 99% used [0x000000079c180000,0x000000079d6fe580,0x000000079d700000)
  to   space 30720K, 0% used [0x00000007a1880000,0x00000007a1880000,0x00000007a3680000)
 ParOldGen       total 65536K, used 43749K [0x000000073aa00000, 0x000000073ea00000, 0x0000000793900000)
  object space 65536K, 66% used [0x000000073aa00000,0x000000073d4b9508,0x000000073ea00000)
 Metaspace       used 27866K, capacity 28078K, committed 28544K, reserved 1075200K
  class space    used 3362K, capacity 3449K, committed 3456K, reserved 1048576K
Event: 5.004 GC heap after
Heap after GC invocations=11 (full 1):
 PSYoungGen      total 219136K, used 30688K [0x0000000793900000, 0x00000007a4d80000, 0x00000007c0000000)
  eden space 188416K, 0% used [0x0000000793900000,0x0000000793900000,0x000000079f100000)
  from space 30720K, 99% used [0x00000007a1880000,0x00000007a3678010,0x00000007a3680000)
  to   space 40448K, 0% used [0x000000079f100000,0x000000079f100000,0x00000007a1880000)
 ParOldGen       total 65536K, used 56861K [0x000000073aa00000, 0x000000073ea00000, 0x0000000793900000)
  object space 65536K, 86% used [0x000000073aa00000,0x000000073e187500,0x000000073ea00000)
 Metaspace       used 27866K, capacity 28078K, committed 28544K, reserved 1075200K
  class space    used 3362K, capacity 3449K, committed 3456K, reserved 1048576K
}
Event: 5.004 GC heap before
{Heap before GC invocations=12 (full 2):
 PSYoungGen      total 219136K, used 30688K [0x0000000793900000, 0x00000007a4d80000, 0x00000007c0000000)
  eden space 188416K, 0% used [0x0000000793900000,0x0000000793900000,0x000000079f100000)
  from space 30720K, 99% used [0x00000007a1880000,0x00000007a3678010,0x00000007a3680000)
  to   space 40448K, 0% used [0x000000079f100000,0x000000079f100000,0x00000007a1880000)
 ParOldGen       total 65536K, used 56861K [0x000000073aa00000, 0x000000073ea00000, 0x0000000793900000)
  object space 65536K, 86% used [0x000000073aa00000,0x000000073e187500,0x000000073ea00000)
 Metaspace       used 27866K, capacity 28078K, committed 28544K, reserved 1075200K
  class space    used 3362K, capacity 3449K, committed 3456K, reserved 1048576K
Event: 5.089 GC heap after
Heap after GC invocations=12 (full 2):
 PSYoungGen      total 219136K, used 14655K [0x0000000793900000, 0x00000007a4d80000, 0x00000007c0000000)
  eden space 188416K, 0% used [0x0000000793900000,0x0000000793900000,0x000000079f100000)
  from space 30720K, 47% used [0x00000007a1880000,0x00000007a26cfc78,0x00000007a3680000)
  to   space 40448K, 0% used [0x000000079f100000,0x000000079f100000,0x00000007a1880000)
 ParOldGen       total 154112K, used 65113K [0x000000073aa00000, 0x0000000744080000, 0x0000000793900000)
  object space 154112K, 42% used [0x000000073aa00000,0x000000073e996618,0x0000000744080000)
 Metaspace       used 27866K, capacity 28078K, committed 28544K, reserved 1075200K
  class space    used 3362K, capacity 3449K, committed 3456K, reserved 1048576K
}
Event: 5.401 GC heap before
{Heap before GC invocations=13 (full 2):
 PSYoungGen      total 219136K, used 203071K [0x0000000793900000, 0x00000007a4d80000, 0x00000007c0000000)
  eden space 188416K, 100% used [0x0000000793900000,0x000000079f100000,0x000000079f100000)
  from space 30720K, 47% used [0x00000007a1880000,0x00000007a26cfc78,0x00000007a3680000)
  to   space 40448K, 0% used [0x000000079f100000,0x000000079f100000,0x00000007a1880000)
 ParOldGen       total 154112K, used 65113K [0x000000073aa00000, 0x0000000744080000, 0x0000000793900000)
  object space 154112K, 42% used [0x000000073aa00000,0x000000073e996618,0x0000000744080000)
 Metaspace       used 27866K, capacity 28078K, committed 28544K, reserved 1075200K
  class space    used 3362K, capacity 3449K, committed 3456K, reserved 1048576K
Event: 5.429 GC heap after
Heap after GC invocations=13 (full 2):
 PSYoungGen      total 228864K, used 40448K [0x0000000793900000, 0x00000007a9880000, 0x00000007c0000000)
  eden space 188416K, 0% used [0x0000000793900000,0x0000000793900000,0x000000079f100000)
  from space 40448K, 100% used [0x000000079f100000,0x00000007a1880000,0x00000007a1880000)
  to   space 48128K, 0% used [0x00000007a6980000,0x00000007a6980000,0x00000007a9880000)
 ParOldGen       total 154112K, used 68137K [0x000000073aa00000, 0x0000000744080000, 0x0000000793900000)
  object space 154112K, 44% used [0x000000073aa00000,0x000000073ec8a618,0x0000000744080000)
 Metaspace       used 27866K, capacity 28078K, committed 28544K, reserved 1075200K
  class space    used 3362K, capacity 3449K, committed 3456K, reserved 1048576K
}
Event: 5.783 GC heap before
{Heap before GC invocations=14 (full 2):
 PSYoungGen      total 228864K, used 228864K [0x0000000793900000, 0x00000007a9880000, 0x00000007c0000000)
  eden space 188416K, 100% used [0x0000000793900000,0x000000079f100000,0x000000079f100000)
  from space 40448K, 100% used [0x000000079f100000,0x00000007a1880000,0x00000007a1880000)
  to   space 48128K, 0% used [0x00000007a6980000,0x00000007a6980000,0x00000007a9880000)
 ParOldGen       total 154112K, used 68137K [0x000000073aa00000, 0x0000000744080000, 0x0000000793900000)
  object space 154112K, 44% used [0x000000073aa00000,0x000000073ec8a618,0x0000000744080000)
 Metaspace       used 27869K, capacity 28078K, committed 28544K, reserved 1075200K
  class space    used 3362K, capacity 3449K, committed 3456K, reserved 1048576K
Event: 5.856 GC heap after
Heap after GC invocations=14 (full 2):
 PSYoungGen      total 295424K, used 48096K [0x0000000793900000, 0x00000007ac280000, 0x00000007c0000000)
  eden space 247296K, 0% used [0x0000000793900000,0x0000000793900000,0x00000007a2a80000)
  from space 48128K, 99% used [0x00000007a6980000,0x00000007a9878010,0x00000007a9880000)
  to   space 64512K, 0% used [0x00000007a2a80000,0x00000007a2a80000,0x00000007a6980000)
 ParOldGen       total 154112K, used 90697K [0x000000073aa00000, 0x0000000744080000, 0x0000000793900000)
  object space 154112K, 58% used [0x000000073aa00000,0x0000000740292618,0x0000000744080000)
 Metaspace       used 27869K, capacity 28078K, committed 28544K, reserved 1075200K
  class space    used 3362K, capacity 3449K, committed 3456K, reserved 1048576K
}
Event: 6.375 GC heap before
{Heap before GC invocations=15 (full 2):
 PSYoungGen      total 295424K, used 295392K [0x0000000793900000, 0x00000007ac280000, 0x00000007c0000000)
  eden space 247296K, 100% used [0x0000000793900000,0x00000007a2a80000,0x00000007a2a80000)
  from space 48128K, 99% used [0x00000007a6980000,0x00000007a9878010,0x00000007a9880000)
  to   space 64512K, 0% used [0x00000007a2a80000,0x00000007a2a80000,0x00000007a6980000)
 ParOldGen       total 154112K, used 90697K [0x000000073aa00000, 0x0000000744080000, 0x0000000793900000)
  object space 154112K, 58% used [0x000000073aa00000,0x0000000740292618,0x0000000744080000)
 Metaspace       used 27869K, capacity 28078K, committed 28544K, reserved 1075200K
  class space    used 3362K, capacity 3449K, committed 3456K, reserved 1048576K

